==418== Memcheck, a memory error detector
==418== Copyright (C) 2002-2017, and GNU GPL'd, by Julian Seward et al.
==418== Using Valgrind-3.14.0-353a3587bb-20181007X and LibVEX; rerun with -h for copyright info
==418== Command: bin/2048
==418== Parent PID: 8
==418== 
--418-- 
--418-- Valgrind options:
--418--    --log-file=valgrind.log
--418--    -v
--418--    --leak-check=full
--418--    --track-origins=yes
--418--    --show-leak-kinds=all
--418--    --show-reachable=yes
--418-- Contents of /proc/version:
--418--   Linux version 4.4.0-18362-Microsoft (Microsoft@Microsoft.com) (gcc version 5.4.0 (GCC) ) #476-Microsoft Fri Nov 01 16:53:00 PST 2019
--418-- 
--418-- Arch and hwcaps: AMD64, LittleEndian, amd64-cx16-lzcnt-rdtscp-sse3-avx-avx2-bmi
--418-- Page sizes: currently 4096, max supported 4096
--418-- Valgrind library directory: /usr/lib/x86_64-linux-gnu/valgrind
--418-- Reading syms from /mnt/f/workspace/dev/c/2048/bin/2048
--418-- Reading syms from /lib/x86_64-linux-gnu/ld-2.28.so
--418--   Considering /usr/lib/debug/.build-id/f2/5dfd7b95be4ba386fd71080accae8c0732b711.debug ..
--418--   .. build-id is valid
--418-- Reading syms from /usr/lib/x86_64-linux-gnu/valgrind/memcheck-amd64-linux
--418--   Considering /usr/lib/debug/.build-id/32/2e77af97f403c3d34ff09edf60b089e72ec889.debug ..
--418--   .. build-id is valid
--418--    object doesn't have a dynamic symbol table
--418-- Scheduler: using generic scheduler lock implementation.
--418-- Reading suppressions file: /usr/lib/x86_64-linux-gnu/valgrind/default.supp
==418== embedded gdbserver: reading from /tmp/vgdb-pipe-from-vgdb-to-418-by-wsl-on-???
==418== embedded gdbserver: writing to   /tmp/vgdb-pipe-to-vgdb-from-418-by-wsl-on-???
==418== embedded gdbserver: shared mem   /tmp/vgdb-pipe-shared-mem-vgdb-418-by-wsl-on-???
==418== 
==418== TO CONTROL THIS PROCESS USING vgdb (which you probably
==418== don't want to do, unless you know exactly what you're doing,
==418== or are doing some strange experiment):
==418==   /usr/lib/x86_64-linux-gnu/valgrind/../../bin/vgdb --pid=418 ...command...
==418== 
==418== TO DEBUG THIS PROCESS USING GDB: start GDB like this
==418==   /path/to/gdb bin/2048
==418== and then give GDB the following command
==418==   target remote | /usr/lib/x86_64-linux-gnu/valgrind/../../bin/vgdb --pid=418
==418== --pid is optional if only one valgrind process is running
==418== 
==418== error calling PR_SET_PTRACER, vgdb might block
--418-- REDIR: 0x401e2f0 (ld-linux-x86-64.so.2:strlen) redirected to 0x580c9ce2 (vgPlain_amd64_linux_REDIR_FOR_strlen)
--418-- REDIR: 0x401e0d0 (ld-linux-x86-64.so.2:index) redirected to 0x580c9cfc (vgPlain_amd64_linux_REDIR_FOR_index)
--418-- Reading syms from /usr/lib/x86_64-linux-gnu/valgrind/vgpreload_core-amd64-linux.so
--418--   Considering /usr/lib/debug/.build-id/34/fbc4cdfbfce1bfc3d2e522a01a050bf724c930.debug ..
--418--   .. build-id is valid
--418-- Reading syms from /usr/lib/x86_64-linux-gnu/valgrind/vgpreload_memcheck-amd64-linux.so
--418--   Considering /usr/lib/debug/.build-id/ca/bb7898ea982d936cbfadd70ae831c6eb63623f.debug ..
--418--   .. build-id is valid
==418== WARNING: new redirection conflicts with existing -- ignoring it
--418--     old: 0x0401e2f0 (strlen              ) R-> (0000.0) 0x580c9ce2 vgPlain_amd64_linux_REDIR_FOR_strlen
--418--     new: 0x0401e2f0 (strlen              ) R-> (2007.0) 0x04838d80 strlen
--418-- REDIR: 0x401ab10 (ld-linux-x86-64.so.2:strcmp) redirected to 0x4839e40 (strcmp)
--418-- REDIR: 0x401e830 (ld-linux-x86-64.so.2:mempcpy) redirected to 0x483d860 (mempcpy)
--418-- Reading syms from /lib/x86_64-linux-gnu/libncurses.so.6.1
--418--    object doesn't have a symbol table
--418-- Reading syms from /lib/x86_64-linux-gnu/libtinfo.so.6.1
--418--    object doesn't have a symbol table
--418-- Reading syms from /lib/x86_64-linux-gnu/libc-2.28.so
--418--   Considering /usr/lib/debug/.build-id/18/b9a9a8c523e5cfe5b5d946d605d09242f09798.debug ..
--418--   .. build-id is valid
--418-- Reading syms from /lib/x86_64-linux-gnu/libdl-2.28.so
--418--   Considering /usr/lib/debug/.build-id/d3/583c742dd47aaa860c5ae0c0c5bdbcd2d54f61.debug ..
--418--   .. build-id is valid
--418-- REDIR: 0x492bf70 (libc.so.6:memmove) redirected to 0x482b1b0 (_vgnU_ifunc_wrapper)
--418-- REDIR: 0x492b160 (libc.so.6:strncpy) redirected to 0x482b1b0 (_vgnU_ifunc_wrapper)
--418-- REDIR: 0x492c250 (libc.so.6:strcasecmp) redirected to 0x482b1b0 (_vgnU_ifunc_wrapper)
--418-- REDIR: 0x492ab70 (libc.so.6:strcat) redirected to 0x482b1b0 (_vgnU_ifunc_wrapper)
--418-- REDIR: 0x492b190 (libc.so.6:rindex) redirected to 0x482b1b0 (_vgnU_ifunc_wrapper)
--418-- REDIR: 0x492d890 (libc.so.6:rawmemchr) redirected to 0x482b1b0 (_vgnU_ifunc_wrapper)
--418-- REDIR: 0x4946230 (libc.so.6:wmemchr) redirected to 0x482b1b0 (_vgnU_ifunc_wrapper)
--418-- REDIR: 0x4945cd0 (libc.so.6:wcscmp) redirected to 0x482b1b0 (_vgnU_ifunc_wrapper)
--418-- REDIR: 0x492c0e0 (libc.so.6:mempcpy) redirected to 0x482b1b0 (_vgnU_ifunc_wrapper)
--418-- REDIR: 0x492bf10 (libc.so.6:bcmp) redirected to 0x482b1b0 (_vgnU_ifunc_wrapper)
--418-- REDIR: 0x492b100 (libc.so.6:strncmp) redirected to 0x482b1b0 (_vgnU_ifunc_wrapper)
--418-- REDIR: 0x492abe0 (libc.so.6:strcmp) redirected to 0x482b1b0 (_vgnU_ifunc_wrapper)
--418-- REDIR: 0x492c040 (libc.so.6:memset) redirected to 0x482b1b0 (_vgnU_ifunc_wrapper)
--418-- REDIR: 0x4945ca0 (libc.so.6:wcschr) redirected to 0x482b1b0 (_vgnU_ifunc_wrapper)
--418-- REDIR: 0x492b0a0 (libc.so.6:strnlen) redirected to 0x482b1b0 (_vgnU_ifunc_wrapper)
--418-- REDIR: 0x492ac70 (libc.so.6:strcspn) redirected to 0x482b1b0 (_vgnU_ifunc_wrapper)
--418-- REDIR: 0x492c2a0 (libc.so.6:strncasecmp) redirected to 0x482b1b0 (_vgnU_ifunc_wrapper)
--418-- REDIR: 0x492ac40 (libc.so.6:strcpy) redirected to 0x482b1b0 (_vgnU_ifunc_wrapper)
--418-- REDIR: 0x492c3e0 (libc.so.6:memcpy@@GLIBC_2.14) redirected to 0x482b1b0 (_vgnU_ifunc_wrapper)
--418-- REDIR: 0x49474d0 (libc.so.6:wcsnlen) redirected to 0x482b1b0 (_vgnU_ifunc_wrapper)
--418-- REDIR: 0x492b1c0 (libc.so.6:strpbrk) redirected to 0x482b1b0 (_vgnU_ifunc_wrapper)
--418-- REDIR: 0x492aba0 (libc.so.6:index) redirected to 0x482b1b0 (_vgnU_ifunc_wrapper)
--418-- REDIR: 0x492b070 (libc.so.6:strlen) redirected to 0x482b1b0 (_vgnU_ifunc_wrapper)
--418-- REDIR: 0x4932280 (libc.so.6:memrchr) redirected to 0x482b1b0 (_vgnU_ifunc_wrapper)
--418-- REDIR: 0x492c2f0 (libc.so.6:strcasecmp_l) redirected to 0x482b1b0 (_vgnU_ifunc_wrapper)
--418-- REDIR: 0x492bee0 (libc.so.6:memchr) redirected to 0x482b1b0 (_vgnU_ifunc_wrapper)
--418-- REDIR: 0x4945db0 (libc.so.6:wcslen) redirected to 0x482b1b0 (_vgnU_ifunc_wrapper)
--418-- REDIR: 0x492b460 (libc.so.6:strspn) redirected to 0x482b1b0 (_vgnU_ifunc_wrapper)
--418-- REDIR: 0x492c220 (libc.so.6:stpncpy) redirected to 0x482b1b0 (_vgnU_ifunc_wrapper)
--418-- REDIR: 0x492c1f0 (libc.so.6:stpcpy) redirected to 0x482b1b0 (_vgnU_ifunc_wrapper)
--418-- REDIR: 0x492d8c0 (libc.so.6:strchrnul) redirected to 0x482b1b0 (_vgnU_ifunc_wrapper)
--418-- REDIR: 0x492c340 (libc.so.6:strncasecmp_l) redirected to 0x482b1b0 (_vgnU_ifunc_wrapper)
--418-- REDIR: 0x492b0d0 (libc.so.6:strncat) redirected to 0x482b1b0 (_vgnU_ifunc_wrapper)
--418-- REDIR: 0x49aa950 (libc.so.6:__memcpy_chk) redirected to 0x482b1b0 (_vgnU_ifunc_wrapper)
--418-- REDIR: 0x492be20 (libc.so.6:strstr) redirected to 0x482b1b0 (_vgnU_ifunc_wrapper)
--418-- REDIR: 0x49fefa0 (libc.so.6:__strrchr_avx2) redirected to 0x4838790 (rindex)
--418-- REDIR: 0x49ff170 (libc.so.6:__strlen_avx2) redirected to 0x4838c60 (strlen)
--418-- REDIR: 0x49faaf0 (libc.so.6:__strncmp_avx2) redirected to 0x4839410 (strncmp)
--418-- REDIR: 0x4928120 (libc.so.6:calloc) redirected to 0x4837ab0 (calloc)
--418-- REDIR: 0x49fedb0 (libc.so.6:__strchrnul_avx2) redirected to 0x483d390 (strchrnul)
--418-- REDIR: 0x49ff300 (libc.so.6:__strnlen_avx2) redirected to 0x4838c00 (strnlen)
--418-- REDIR: 0x49feb80 (libc.so.6:__strchr_avx2) redirected to 0x4838910 (index)
--418-- REDIR: 0x49279a0 (libc.so.6:free) redirected to 0x4836940 (free)
--418-- REDIR: 0x4927350 (libc.so.6:malloc) redirected to 0x4835710 (malloc)
--418-- REDIR: 0x49ff6b0 (libc.so.6:__memcpy_avx_unaligned_erms) redirected to 0x483c8a0 (memmove)
--418-- REDIR: 0x4940100 (libc.so.6:__strcpy_sse2_unaligned) redirected to 0x4838db0 (strcpy)
--418-- REDIR: 0x49fa6b0 (libc.so.6:__strcmp_avx2) redirected to 0x4839d00 (strcmp)
--418-- REDIR: 0x492b980 (libc.so.6:__GI_strstr) redirected to 0x483dac0 (__strstr_sse2)
--418-- REDIR: 0x49ff6a0 (libc.so.6:__memcpy_chk_avx_unaligned_erms) redirected to 0x483d950 (__memcpy_chk)
--418-- REDIR: 0x4927bf0 (libc.so.6:realloc) redirected to 0x4837d00 (realloc)
--418-- REDIR: 0x4940730 (libc.so.6:__strncpy_sse2_unaligned) redirected to 0x48392e0 (__strncpy_sse2_unaligned)
--418-- REDIR: 0x49fb780 (libc.so.6:__memcmp_avx2_movbe) redirected to 0x483c060 (bcmp)
--418-- REDIR: 0x4944970 (libc.so.6:__strstr_sse2_unaligned) redirected to 0x483da50 (strstr)
--418-- REDIR: 0x49ff690 (libc.so.6:__mempcpy_avx_unaligned_erms) redirected to 0x483d4a0 (mempcpy)
==418== 
==418== HEAP SUMMARY:
==418==     in use at exit: 232,969 bytes in 448 blocks
==418==   total heap usage: 461 allocs, 13 frees, 238,525 bytes allocated
==418== 
==418== Searching for pointers to 448 not-freed blocks
==418== Checked 400,600 bytes
==418== 
==418== 4 bytes in 1 blocks are still reachable in loss record 1 of 38
==418==    at 0x4837B65: calloc (vg_replace_malloc.c:752)
==418==    by 0x4861D5D: ??? (in /lib/x86_64-linux-gnu/libncurses.so.6.1)
==418==    by 0x485E44D: newterm_sp (in /lib/x86_64-linux-gnu/libncurses.so.6.1)
==418==    by 0x485E8C7: newterm (in /lib/x86_64-linux-gnu/libncurses.so.6.1)
==418==    by 0x485AD82: initscr (in /lib/x86_64-linux-gnu/libncurses.so.6.1)
==418==    by 0x109DAE: main (main.c:19)
==418== 
==418== 10 bytes in 1 blocks are still reachable in loss record 2 of 38
==418==    at 0x483577F: malloc (vg_replace_malloc.c:299)
==418==    by 0x492ADB9: strdup (strdup.c:42)
==418==    by 0x4885A05: ??? (in /lib/x86_64-linux-gnu/libtinfo.so.6.1)
==418==    by 0x4885CD6: _nc_first_db (in /lib/x86_64-linux-gnu/libtinfo.so.6.1)
==418==    by 0x488FA61: _nc_read_entry2 (in /lib/x86_64-linux-gnu/libtinfo.so.6.1)
==418==    by 0x4888798: ??? (in /lib/x86_64-linux-gnu/libtinfo.so.6.1)
==418==    by 0x4888B28: _nc_setupterm (in /lib/x86_64-linux-gnu/libtinfo.so.6.1)
==418==    by 0x485E409: newterm_sp (in /lib/x86_64-linux-gnu/libncurses.so.6.1)
==418==    by 0x485E8C7: newterm (in /lib/x86_64-linux-gnu/libncurses.so.6.1)
==418==    by 0x485AD82: initscr (in /lib/x86_64-linux-gnu/libncurses.so.6.1)
==418==    by 0x109DAE: main (main.c:19)
==418== 
==418== 15 bytes in 1 blocks are still reachable in loss record 3 of 38
==418==    at 0x483577F: malloc (vg_replace_malloc.c:299)
==418==    by 0x492ADB9: strdup (strdup.c:42)
==418==    by 0x4888B73: _nc_setupterm (in /lib/x86_64-linux-gnu/libtinfo.so.6.1)
==418==    by 0x485E409: newterm_sp (in /lib/x86_64-linux-gnu/libncurses.so.6.1)
==418==    by 0x485E8C7: newterm (in /lib/x86_64-linux-gnu/libncurses.so.6.1)
==418==    by 0x485AD82: initscr (in /lib/x86_64-linux-gnu/libncurses.so.6.1)
==418==    by 0x109DAE: main (main.c:19)
==418== 
==418== 18 bytes in 1 blocks are still reachable in loss record 4 of 38
==418==    at 0x483577F: malloc (vg_replace_malloc.c:299)
==418==    by 0x488A25E: _nc_tparm_analyze (in /lib/x86_64-linux-gnu/libtinfo.so.6.1)
==418==    by 0x488A4DF: tparm (in /lib/x86_64-linux-gnu/libtinfo.so.6.1)
==418==    by 0x485DC4C: ??? (in /lib/x86_64-linux-gnu/libncurses.so.6.1)
==418==    by 0x485E5E5: newterm_sp (in /lib/x86_64-linux-gnu/libncurses.so.6.1)
==418==    by 0x485E8C7: newterm (in /lib/x86_64-linux-gnu/libncurses.so.6.1)
==418==    by 0x485AD82: initscr (in /lib/x86_64-linux-gnu/libncurses.so.6.1)
==418==    by 0x109DAE: main (main.c:19)
==418== 
==418== 22 bytes in 1 blocks are still reachable in loss record 5 of 38
==418==    at 0x483577F: malloc (vg_replace_malloc.c:299)
==418==    by 0x4886594: _nc_home_terminfo (in /lib/x86_64-linux-gnu/libtinfo.so.6.1)
==418==    by 0x4885CC0: _nc_first_db (in /lib/x86_64-linux-gnu/libtinfo.so.6.1)
==418==    by 0x488FA61: _nc_read_entry2 (in /lib/x86_64-linux-gnu/libtinfo.so.6.1)
==418==    by 0x4888798: ??? (in /lib/x86_64-linux-gnu/libtinfo.so.6.1)
==418==    by 0x4888B28: _nc_setupterm (in /lib/x86_64-linux-gnu/libtinfo.so.6.1)
==418==    by 0x485E409: newterm_sp (in /lib/x86_64-linux-gnu/libncurses.so.6.1)
==418==    by 0x485E8C7: newterm (in /lib/x86_64-linux-gnu/libncurses.so.6.1)
==418==    by 0x485AD82: initscr (in /lib/x86_64-linux-gnu/libncurses.so.6.1)
==418==    by 0x109DAE: main (main.c:19)
==418== 
==418== 24 bytes in 1 blocks are still reachable in loss record 6 of 38
==418==    at 0x4837B65: calloc (vg_replace_malloc.c:752)
==418==    by 0x4883DC8: _nc_add_to_try (in /lib/x86_64-linux-gnu/libtinfo.so.6.1)
==418==    by 0x488663A: ??? (in /lib/x86_64-linux-gnu/libtinfo.so.6.1)
==418==    by 0x48879A3: _nc_keypad (in /lib/x86_64-linux-gnu/libtinfo.so.6.1)
==418==    by 0x109DCC: main (main.c:22)
==418== 
==418== 46 bytes in 1 blocks are still reachable in loss record 7 of 38
==418==    at 0x4837D7B: realloc (vg_replace_malloc.c:826)
==418==    by 0x4886212: _nc_doalloc (in /lib/x86_64-linux-gnu/libtinfo.so.6.1)
==418==    by 0x488F0E3: _nc_read_termtype (in /lib/x86_64-linux-gnu/libtinfo.so.6.1)
==418==    by 0x488F58C: ??? (in /lib/x86_64-linux-gnu/libtinfo.so.6.1)
==418==    by 0x488F954: ??? (in /lib/x86_64-linux-gnu/libtinfo.so.6.1)
==418==    by 0x488FA8C: _nc_read_entry2 (in /lib/x86_64-linux-gnu/libtinfo.so.6.1)
==418==    by 0x4888798: ??? (in /lib/x86_64-linux-gnu/libtinfo.so.6.1)
==418==    by 0x4888B28: _nc_setupterm (in /lib/x86_64-linux-gnu/libtinfo.so.6.1)
==418==    by 0x485E409: newterm_sp (in /lib/x86_64-linux-gnu/libncurses.so.6.1)
==418==    by 0x485E8C7: newterm (in /lib/x86_64-linux-gnu/libncurses.so.6.1)
==418==    by 0x485AD82: initscr (in /lib/x86_64-linux-gnu/libncurses.so.6.1)
==418==    by 0x109DAE: main (main.c:19)
==418== 
==418== 46 bytes in 1 blocks are still reachable in loss record 8 of 38
==418==    at 0x483577F: malloc (vg_replace_malloc.c:299)
==418==    by 0x488436D: ??? (in /lib/x86_64-linux-gnu/libtinfo.so.6.1)
==418==    by 0x4888B3F: _nc_setupterm (in /lib/x86_64-linux-gnu/libtinfo.so.6.1)
==418==    by 0x485E409: newterm_sp (in /lib/x86_64-linux-gnu/libncurses.so.6.1)
==418==    by 0x485E8C7: newterm (in /lib/x86_64-linux-gnu/libncurses.so.6.1)
==418==    by 0x485AD82: initscr (in /lib/x86_64-linux-gnu/libncurses.so.6.1)
==418==    by 0x109DAE: main (main.c:19)
==418== 
==418== 48 bytes in 1 blocks are still reachable in loss record 9 of 38
==418==    at 0x4837B65: calloc (vg_replace_malloc.c:752)
==418==    by 0x4885DDB: _nc_first_db (in /lib/x86_64-linux-gnu/libtinfo.so.6.1)
==418==    by 0x488FA61: _nc_read_entry2 (in /lib/x86_64-linux-gnu/libtinfo.so.6.1)
==418==    by 0x4888798: ??? (in /lib/x86_64-linux-gnu/libtinfo.so.6.1)
==418==    by 0x4888B28: _nc_setupterm (in /lib/x86_64-linux-gnu/libtinfo.so.6.1)
==418==    by 0x485E409: newterm_sp (in /lib/x86_64-linux-gnu/libncurses.so.6.1)
==418==    by 0x485E8C7: newterm (in /lib/x86_64-linux-gnu/libncurses.so.6.1)
==418==    by 0x485AD82: initscr (in /lib/x86_64-linux-gnu/libncurses.so.6.1)
==418==    by 0x109DAE: main (main.c:19)
==418== 
==418== 66 bytes in 1 blocks are still reachable in loss record 10 of 38
==418==    at 0x4837D7B: realloc (vg_replace_malloc.c:826)
==418==    by 0x4886212: _nc_doalloc (in /lib/x86_64-linux-gnu/libtinfo.so.6.1)
==418==    by 0x488BA63: tparm (in /lib/x86_64-linux-gnu/libtinfo.so.6.1)
==418==    by 0x485DC4C: ??? (in /lib/x86_64-linux-gnu/libncurses.so.6.1)
==418==    by 0x485E5E5: newterm_sp (in /lib/x86_64-linux-gnu/libncurses.so.6.1)
==418==    by 0x485E8C7: newterm (in /lib/x86_64-linux-gnu/libncurses.so.6.1)
==418==    by 0x485AD82: initscr (in /lib/x86_64-linux-gnu/libncurses.so.6.1)
==418==    by 0x109DAE: main (main.c:19)
==418== 
==418== 78 bytes in 1 blocks are still reachable in loss record 11 of 38
==418==    at 0x483577F: malloc (vg_replace_malloc.c:299)
==418==    by 0x48843E0: ??? (in /lib/x86_64-linux-gnu/libtinfo.so.6.1)
==418==    by 0x4888B3F: _nc_setupterm (in /lib/x86_64-linux-gnu/libtinfo.so.6.1)
==418==    by 0x485E409: newterm_sp (in /lib/x86_64-linux-gnu/libncurses.so.6.1)
==418==    by 0x485E8C7: newterm (in /lib/x86_64-linux-gnu/libncurses.so.6.1)
==418==    by 0x485AD82: initscr (in /lib/x86_64-linux-gnu/libncurses.so.6.1)
==418==    by 0x109DAE: main (main.c:19)
==418== 
==418== 91 bytes in 1 blocks are still reachable in loss record 12 of 38
==418==    at 0x483577F: malloc (vg_replace_malloc.c:299)
==418==    by 0x4885D43: _nc_first_db (in /lib/x86_64-linux-gnu/libtinfo.so.6.1)
==418==    by 0x488FA61: _nc_read_entry2 (in /lib/x86_64-linux-gnu/libtinfo.so.6.1)
==418==    by 0x4888798: ??? (in /lib/x86_64-linux-gnu/libtinfo.so.6.1)
==418==    by 0x4888B28: _nc_setupterm (in /lib/x86_64-linux-gnu/libtinfo.so.6.1)
==418==    by 0x485E409: newterm_sp (in /lib/x86_64-linux-gnu/libncurses.so.6.1)
==418==    by 0x485E8C7: newterm (in /lib/x86_64-linux-gnu/libncurses.so.6.1)
==418==    by 0x485AD82: initscr (in /lib/x86_64-linux-gnu/libncurses.so.6.1)
==418==    by 0x109DAE: main (main.c:19)
==418== 
==418== 104 bytes in 1 blocks are still reachable in loss record 13 of 38
==418==    at 0x4837B65: calloc (vg_replace_malloc.c:752)
==418==    by 0x485EAE9: ??? (in /lib/x86_64-linux-gnu/libncurses.so.6.1)
==418==    by 0x485ECD8: newwin_sp (in /lib/x86_64-linux-gnu/libncurses.so.6.1)
==418==    by 0x4862132: ??? (in /lib/x86_64-linux-gnu/libncurses.so.6.1)
==418==    by 0x485E44D: newterm_sp (in /lib/x86_64-linux-gnu/libncurses.so.6.1)
==418==    by 0x485E8C7: newterm (in /lib/x86_64-linux-gnu/libncurses.so.6.1)
==418==    by 0x485AD82: initscr (in /lib/x86_64-linux-gnu/libncurses.so.6.1)
==418==    by 0x109DAE: main (main.c:19)
==418== 
==418== 104 bytes in 1 blocks are still reachable in loss record 14 of 38
==418==    at 0x4837B65: calloc (vg_replace_malloc.c:752)
==418==    by 0x485EAE9: ??? (in /lib/x86_64-linux-gnu/libncurses.so.6.1)
==418==    by 0x485ECD8: newwin_sp (in /lib/x86_64-linux-gnu/libncurses.so.6.1)
==418==    by 0x4862157: ??? (in /lib/x86_64-linux-gnu/libncurses.so.6.1)
==418==    by 0x485E44D: newterm_sp (in /lib/x86_64-linux-gnu/libncurses.so.6.1)
==418==    by 0x485E8C7: newterm (in /lib/x86_64-linux-gnu/libncurses.so.6.1)
==418==    by 0x485AD82: initscr (in /lib/x86_64-linux-gnu/libncurses.so.6.1)
==418==    by 0x109DAE: main (main.c:19)
==418== 
==418== 104 bytes in 1 blocks are still reachable in loss record 15 of 38
==418==    at 0x4837B65: calloc (vg_replace_malloc.c:752)
==418==    by 0x485EAE9: ??? (in /lib/x86_64-linux-gnu/libncurses.so.6.1)
==418==    by 0x485ECD8: newwin_sp (in /lib/x86_64-linux-gnu/libncurses.so.6.1)
==418==    by 0x48622E3: ??? (in /lib/x86_64-linux-gnu/libncurses.so.6.1)
==418==    by 0x485E44D: newterm_sp (in /lib/x86_64-linux-gnu/libncurses.so.6.1)
==418==    by 0x485E8C7: newterm (in /lib/x86_64-linux-gnu/libncurses.so.6.1)
==418==    by 0x485AD82: initscr (in /lib/x86_64-linux-gnu/libncurses.so.6.1)
==418==    by 0x109DAE: main (main.c:19)
==418== 
==418== 128 bytes in 1 blocks are still reachable in loss record 16 of 38
==418==    at 0x4837B65: calloc (vg_replace_malloc.c:752)
==418==    by 0x4861D2A: ??? (in /lib/x86_64-linux-gnu/libncurses.so.6.1)
==418==    by 0x485E44D: newterm_sp (in /lib/x86_64-linux-gnu/libncurses.so.6.1)
==418==    by 0x485E8C7: newterm (in /lib/x86_64-linux-gnu/libncurses.so.6.1)
==418==    by 0x485AD82: initscr (in /lib/x86_64-linux-gnu/libncurses.so.6.1)
==418==    by 0x109DAE: main (main.c:19)
==418== 
==418== 156 bytes in 1 blocks are still reachable in loss record 17 of 38
==418==    at 0x4837D7B: realloc (vg_replace_malloc.c:826)
==418==    by 0x4886212: _nc_doalloc (in /lib/x86_64-linux-gnu/libtinfo.so.6.1)
==418==    by 0x488F11F: _nc_read_termtype (in /lib/x86_64-linux-gnu/libtinfo.so.6.1)
==418==    by 0x488F58C: ??? (in /lib/x86_64-linux-gnu/libtinfo.so.6.1)
==418==    by 0x488F954: ??? (in /lib/x86_64-linux-gnu/libtinfo.so.6.1)
==418==    by 0x488FA8C: _nc_read_entry2 (in /lib/x86_64-linux-gnu/libtinfo.so.6.1)
==418==    by 0x4888798: ??? (in /lib/x86_64-linux-gnu/libtinfo.so.6.1)
==418==    by 0x4888B28: _nc_setupterm (in /lib/x86_64-linux-gnu/libtinfo.so.6.1)
==418==    by 0x485E409: newterm_sp (in /lib/x86_64-linux-gnu/libncurses.so.6.1)
==418==    by 0x485E8C7: newterm (in /lib/x86_64-linux-gnu/libncurses.so.6.1)
==418==    by 0x485AD82: initscr (in /lib/x86_64-linux-gnu/libncurses.so.6.1)
==418==    by 0x109DAE: main (main.c:19)
==418== 
==418== 280 bytes in 1 blocks are still reachable in loss record 18 of 38
==418==    at 0x4837B65: calloc (vg_replace_malloc.c:752)
==418==    by 0x4888AE0: _nc_setupterm (in /lib/x86_64-linux-gnu/libtinfo.so.6.1)
==418==    by 0x485E409: newterm_sp (in /lib/x86_64-linux-gnu/libncurses.so.6.1)
==418==    by 0x485E8C7: newterm (in /lib/x86_64-linux-gnu/libncurses.so.6.1)
==418==    by 0x485AD82: initscr (in /lib/x86_64-linux-gnu/libncurses.so.6.1)
==418==    by 0x109DAE: main (main.c:19)
==418== 
==418== 504 bytes in 21 blocks are still reachable in loss record 19 of 38
==418==    at 0x4837B65: calloc (vg_replace_malloc.c:752)
==418==    by 0x4883CFB: _nc_add_to_try (in /lib/x86_64-linux-gnu/libtinfo.so.6.1)
==418==    by 0x488672E: ??? (in /lib/x86_64-linux-gnu/libtinfo.so.6.1)
==418==    by 0x48879A3: _nc_keypad (in /lib/x86_64-linux-gnu/libtinfo.so.6.1)
==418==    by 0x109DCC: main (main.c:22)
==418== 
==418== 512 bytes in 1 blocks are still reachable in loss record 20 of 38
==418==    at 0x4837B65: calloc (vg_replace_malloc.c:752)
==418==    by 0x4861D0B: ??? (in /lib/x86_64-linux-gnu/libncurses.so.6.1)
==418==    by 0x485E44D: newterm_sp (in /lib/x86_64-linux-gnu/libncurses.so.6.1)
==418==    by 0x485E8C7: newterm (in /lib/x86_64-linux-gnu/libncurses.so.6.1)
==418==    by 0x485AD82: initscr (in /lib/x86_64-linux-gnu/libncurses.so.6.1)
==418==    by 0x109DAE: main (main.c:19)
==418== 
==418== 528 bytes in 1 blocks are still reachable in loss record 21 of 38
==418==    at 0x4837B65: calloc (vg_replace_malloc.c:752)
==418==    by 0x488F431: _nc_read_termtype (in /lib/x86_64-linux-gnu/libtinfo.so.6.1)
==418==    by 0x488F58C: ??? (in /lib/x86_64-linux-gnu/libtinfo.so.6.1)
==418==    by 0x488F954: ??? (in /lib/x86_64-linux-gnu/libtinfo.so.6.1)
==418==    by 0x488FA8C: _nc_read_entry2 (in /lib/x86_64-linux-gnu/libtinfo.so.6.1)
==418==    by 0x4888798: ??? (in /lib/x86_64-linux-gnu/libtinfo.so.6.1)
==418==    by 0x4888B28: _nc_setupterm (in /lib/x86_64-linux-gnu/libtinfo.so.6.1)
==418==    by 0x485E409: newterm_sp (in /lib/x86_64-linux-gnu/libncurses.so.6.1)
==418==    by 0x485E8C7: newterm (in /lib/x86_64-linux-gnu/libncurses.so.6.1)
==418==    by 0x485AD82: initscr (in /lib/x86_64-linux-gnu/libncurses.so.6.1)
==418==    by 0x109DAE: main (main.c:19)
==418== 
==418== 528 bytes in 1 blocks are still reachable in loss record 22 of 38
==418==    at 0x483577F: malloc (vg_replace_malloc.c:299)
==418==    by 0x48844A9: ??? (in /lib/x86_64-linux-gnu/libtinfo.so.6.1)
==418==    by 0x4888B3F: _nc_setupterm (in /lib/x86_64-linux-gnu/libtinfo.so.6.1)
==418==    by 0x485E409: newterm_sp (in /lib/x86_64-linux-gnu/libncurses.so.6.1)
==418==    by 0x485E8C7: newterm (in /lib/x86_64-linux-gnu/libncurses.so.6.1)
==418==    by 0x485AD82: initscr (in /lib/x86_64-linux-gnu/libncurses.so.6.1)
==418==    by 0x109DAE: main (main.c:19)
==418== 
==418== 771 bytes in 1 blocks are still reachable in loss record 23 of 38
==418==    at 0x483577F: malloc (vg_replace_malloc.c:299)
==418==    by 0x488F482: _nc_read_termtype (in /lib/x86_64-linux-gnu/libtinfo.so.6.1)
==418==    by 0x488F58C: ??? (in /lib/x86_64-linux-gnu/libtinfo.so.6.1)
==418==    by 0x488F954: ??? (in /lib/x86_64-linux-gnu/libtinfo.so.6.1)
==418==    by 0x488FA8C: _nc_read_entry2 (in /lib/x86_64-linux-gnu/libtinfo.so.6.1)
==418==    by 0x4888798: ??? (in /lib/x86_64-linux-gnu/libtinfo.so.6.1)
==418==    by 0x4888B28: _nc_setupterm (in /lib/x86_64-linux-gnu/libtinfo.so.6.1)
==418==    by 0x485E409: newterm_sp (in /lib/x86_64-linux-gnu/libncurses.so.6.1)
==418==    by 0x485E8C7: newterm (in /lib/x86_64-linux-gnu/libncurses.so.6.1)
==418==    by 0x485AD82: initscr (in /lib/x86_64-linux-gnu/libncurses.so.6.1)
==418==    by 0x109DAE: main (main.c:19)
==418== 
==418== 1,008 bytes in 1 blocks are still reachable in loss record 24 of 38
==418==    at 0x4837B65: calloc (vg_replace_malloc.c:752)
==418==    by 0x485EB0B: ??? (in /lib/x86_64-linux-gnu/libncurses.so.6.1)
==418==    by 0x485ECD8: newwin_sp (in /lib/x86_64-linux-gnu/libncurses.so.6.1)
==418==    by 0x4862132: ??? (in /lib/x86_64-linux-gnu/libncurses.so.6.1)
==418==    by 0x485E44D: newterm_sp (in /lib/x86_64-linux-gnu/libncurses.so.6.1)
==418==    by 0x485E8C7: newterm (in /lib/x86_64-linux-gnu/libncurses.so.6.1)
==418==    by 0x485AD82: initscr (in /lib/x86_64-linux-gnu/libncurses.so.6.1)
==418==    by 0x109DAE: main (main.c:19)
==418== 
==418== 1,008 bytes in 1 blocks are still reachable in loss record 25 of 38
==418==    at 0x4837B65: calloc (vg_replace_malloc.c:752)
==418==    by 0x485EB0B: ??? (in /lib/x86_64-linux-gnu/libncurses.so.6.1)
==418==    by 0x485ECD8: newwin_sp (in /lib/x86_64-linux-gnu/libncurses.so.6.1)
==418==    by 0x4862157: ??? (in /lib/x86_64-linux-gnu/libncurses.so.6.1)
==418==    by 0x485E44D: newterm_sp (in /lib/x86_64-linux-gnu/libncurses.so.6.1)
==418==    by 0x485E8C7: newterm (in /lib/x86_64-linux-gnu/libncurses.so.6.1)
==418==    by 0x485AD82: initscr (in /lib/x86_64-linux-gnu/libncurses.so.6.1)
==418==    by 0x109DAE: main (main.c:19)
==418== 
==418== 1,008 bytes in 1 blocks are still reachable in loss record 26 of 38
==418==    at 0x4837B65: calloc (vg_replace_malloc.c:752)
==418==    by 0x485EB0B: ??? (in /lib/x86_64-linux-gnu/libncurses.so.6.1)
==418==    by 0x485ECD8: newwin_sp (in /lib/x86_64-linux-gnu/libncurses.so.6.1)
==418==    by 0x48622E3: ??? (in /lib/x86_64-linux-gnu/libncurses.so.6.1)
==418==    by 0x485E44D: newterm_sp (in /lib/x86_64-linux-gnu/libncurses.so.6.1)
==418==    by 0x485E8C7: newterm (in /lib/x86_64-linux-gnu/libncurses.so.6.1)
==418==    by 0x485AD82: initscr (in /lib/x86_64-linux-gnu/libncurses.so.6.1)
==418==    by 0x109DAE: main (main.c:19)
==418== 
==418== 1,200 bytes in 50 blocks are still reachable in loss record 27 of 38
==418==    at 0x4837B65: calloc (vg_replace_malloc.c:752)
==418==    by 0x4883D55: _nc_add_to_try (in /lib/x86_64-linux-gnu/libtinfo.so.6.1)
==418==    by 0x488672E: ??? (in /lib/x86_64-linux-gnu/libtinfo.so.6.1)
==418==    by 0x48879A3: _nc_keypad (in /lib/x86_64-linux-gnu/libtinfo.so.6.1)
==418==    by 0x109DCC: main (main.c:22)
==418== 
==418== 1,556 bytes in 1 blocks are still reachable in loss record 28 of 38
==418==    at 0x483577F: malloc (vg_replace_malloc.c:299)
==418==    by 0x488E944: _nc_read_termtype (in /lib/x86_64-linux-gnu/libtinfo.so.6.1)
==418==    by 0x488F58C: ??? (in /lib/x86_64-linux-gnu/libtinfo.so.6.1)
==418==    by 0x488F954: ??? (in /lib/x86_64-linux-gnu/libtinfo.so.6.1)
==418==    by 0x488FA8C: _nc_read_entry2 (in /lib/x86_64-linux-gnu/libtinfo.so.6.1)
==418==    by 0x4888798: ??? (in /lib/x86_64-linux-gnu/libtinfo.so.6.1)
==418==    by 0x4888B28: _nc_setupterm (in /lib/x86_64-linux-gnu/libtinfo.so.6.1)
==418==    by 0x485E409: newterm_sp (in /lib/x86_64-linux-gnu/libncurses.so.6.1)
==418==    by 0x485E8C7: newterm (in /lib/x86_64-linux-gnu/libncurses.so.6.1)
==418==    by 0x485AD82: initscr (in /lib/x86_64-linux-gnu/libncurses.so.6.1)
==418==    by 0x109DAE: main (main.c:19)
==418== 
==418== 1,624 bytes in 1 blocks are still reachable in loss record 29 of 38
==418==    at 0x4837B65: calloc (vg_replace_malloc.c:752)
==418==    by 0x4888F46: new_prescr (in /lib/x86_64-linux-gnu/libtinfo.so.6.1)
==418==    by 0x485E8B6: newterm (in /lib/x86_64-linux-gnu/libncurses.so.6.1)
==418==    by 0x485AD82: initscr (in /lib/x86_64-linux-gnu/libncurses.so.6.1)
==418==    by 0x109DAE: main (main.c:19)
==418== 
==418== 1,680 bytes in 70 blocks are still reachable in loss record 30 of 38
==418==    at 0x4837B65: calloc (vg_replace_malloc.c:752)
==418==    by 0x4883CFB: _nc_add_to_try (in /lib/x86_64-linux-gnu/libtinfo.so.6.1)
==418==    by 0x488663A: ??? (in /lib/x86_64-linux-gnu/libtinfo.so.6.1)
==418==    by 0x48879A3: _nc_keypad (in /lib/x86_64-linux-gnu/libtinfo.so.6.1)
==418==    by 0x109DCC: main (main.c:22)
==418== 
==418== 2,088 bytes in 87 blocks are still reachable in loss record 31 of 38
==418==    at 0x4837B65: calloc (vg_replace_malloc.c:752)
==418==    by 0x4883D55: _nc_add_to_try (in /lib/x86_64-linux-gnu/libtinfo.so.6.1)
==418==    by 0x488663A: ??? (in /lib/x86_64-linux-gnu/libtinfo.so.6.1)
==418==    by 0x48879A3: _nc_keypad (in /lib/x86_64-linux-gnu/libtinfo.so.6.1)
==418==    by 0x109DCC: main (main.c:22)
==418== 
==418== 3,824 bytes in 1 blocks are still reachable in loss record 32 of 38
==418==    at 0x4837D7B: realloc (vg_replace_malloc.c:826)
==418==    by 0x4886212: _nc_doalloc (in /lib/x86_64-linux-gnu/libtinfo.so.6.1)
==418==    by 0x488F13D: _nc_read_termtype (in /lib/x86_64-linux-gnu/libtinfo.so.6.1)
==418==    by 0x488F58C: ??? (in /lib/x86_64-linux-gnu/libtinfo.so.6.1)
==418==    by 0x488F954: ??? (in /lib/x86_64-linux-gnu/libtinfo.so.6.1)
==418==    by 0x488FA8C: _nc_read_entry2 (in /lib/x86_64-linux-gnu/libtinfo.so.6.1)
==418==    by 0x4888798: ??? (in /lib/x86_64-linux-gnu/libtinfo.so.6.1)
==418==    by 0x4888B28: _nc_setupterm (in /lib/x86_64-linux-gnu/libtinfo.so.6.1)
==418==    by 0x485E409: newterm_sp (in /lib/x86_64-linux-gnu/libncurses.so.6.1)
==418==    by 0x485E8C7: newterm (in /lib/x86_64-linux-gnu/libncurses.so.6.1)
==418==    by 0x485AD82: initscr (in /lib/x86_64-linux-gnu/libncurses.so.6.1)
==418==    by 0x109DAE: main (main.c:19)
==418== 
==418== 3,824 bytes in 1 blocks are still reachable in loss record 33 of 38
==418==    at 0x483577F: malloc (vg_replace_malloc.c:299)
==418==    by 0x4884390: ??? (in /lib/x86_64-linux-gnu/libtinfo.so.6.1)
==418==    by 0x4888B3F: _nc_setupterm (in /lib/x86_64-linux-gnu/libtinfo.so.6.1)
==418==    by 0x485E409: newterm_sp (in /lib/x86_64-linux-gnu/libncurses.so.6.1)
==418==    by 0x485E8C7: newterm (in /lib/x86_64-linux-gnu/libncurses.so.6.1)
==418==    by 0x485AD82: initscr (in /lib/x86_64-linux-gnu/libncurses.so.6.1)
==418==    by 0x109DAE: main (main.c:19)
==418== 
==418== 14,995 bytes in 1 blocks are still reachable in loss record 34 of 38
==418==    at 0x483577F: malloc (vg_replace_malloc.c:299)
==418==    by 0x486529C: ??? (in /lib/x86_64-linux-gnu/libncurses.so.6.1)
==418==    by 0x485F80F: vwprintw (in /lib/x86_64-linux-gnu/libncurses.so.6.1)
==418==    by 0x485F8F5: printw (in /lib/x86_64-linux-gnu/libncurses.so.6.1)
==418==    by 0x109FA0: draw (main.c:76)
==418==    by 0x109E69: game_loop (main.c:42)
==418==    by 0x109DF2: main (main.c:27)
==418== 
==418== 15,795 bytes in 1 blocks are still reachable in loss record 35 of 38
==418==    at 0x483577F: malloc (vg_replace_malloc.c:299)
==418==    by 0x4861E2A: ??? (in /lib/x86_64-linux-gnu/libncurses.so.6.1)
==418==    by 0x485E44D: newterm_sp (in /lib/x86_64-linux-gnu/libncurses.so.6.1)
==418==    by 0x485E8C7: newterm (in /lib/x86_64-linux-gnu/libncurses.so.6.1)
==418==    by 0x485AD82: initscr (in /lib/x86_64-linux-gnu/libncurses.so.6.1)
==418==    by 0x109DAE: main (main.c:19)
==418== 
==418== 59,724 bytes in 63 blocks are still reachable in loss record 36 of 38
==418==    at 0x4837B65: calloc (vg_replace_malloc.c:752)
==418==    by 0x485ED0C: newwin_sp (in /lib/x86_64-linux-gnu/libncurses.so.6.1)
==418==    by 0x4862132: ??? (in /lib/x86_64-linux-gnu/libncurses.so.6.1)
==418==    by 0x485E44D: newterm_sp (in /lib/x86_64-linux-gnu/libncurses.so.6.1)
==418==    by 0x485E8C7: newterm (in /lib/x86_64-linux-gnu/libncurses.so.6.1)
==418==    by 0x485AD82: initscr (in /lib/x86_64-linux-gnu/libncurses.so.6.1)
==418==    by 0x109DAE: main (main.c:19)
==418== 
==418== 59,724 bytes in 63 blocks are still reachable in loss record 37 of 38
==418==    at 0x4837B65: calloc (vg_replace_malloc.c:752)
==418==    by 0x485ED0C: newwin_sp (in /lib/x86_64-linux-gnu/libncurses.so.6.1)
==418==    by 0x4862157: ??? (in /lib/x86_64-linux-gnu/libncurses.so.6.1)
==418==    by 0x485E44D: newterm_sp (in /lib/x86_64-linux-gnu/libncurses.so.6.1)
==418==    by 0x485E8C7: newterm (in /lib/x86_64-linux-gnu/libncurses.so.6.1)
==418==    by 0x485AD82: initscr (in /lib/x86_64-linux-gnu/libncurses.so.6.1)
==418==    by 0x109DAE: main (main.c:19)
==418== 
==418== 59,724 bytes in 63 blocks are still reachable in loss record 38 of 38
==418==    at 0x4837B65: calloc (vg_replace_malloc.c:752)
==418==    by 0x485ED0C: newwin_sp (in /lib/x86_64-linux-gnu/libncurses.so.6.1)
==418==    by 0x48622E3: ??? (in /lib/x86_64-linux-gnu/libncurses.so.6.1)
==418==    by 0x485E44D: newterm_sp (in /lib/x86_64-linux-gnu/libncurses.so.6.1)
==418==    by 0x485E8C7: newterm (in /lib/x86_64-linux-gnu/libncurses.so.6.1)
==418==    by 0x485AD82: initscr (in /lib/x86_64-linux-gnu/libncurses.so.6.1)
==418==    by 0x109DAE: main (main.c:19)
==418== 
==418== LEAK SUMMARY:
==418==    definitely lost: 0 bytes in 0 blocks
==418==    indirectly lost: 0 bytes in 0 blocks
==418==      possibly lost: 0 bytes in 0 blocks
==418==    still reachable: 232,969 bytes in 448 blocks
==418==         suppressed: 0 bytes in 0 blocks
==418== 
==418== ERROR SUMMARY: 0 errors from 0 contexts (suppressed: 0 from 0)
==418== ERROR SUMMARY: 0 errors from 0 contexts (suppressed: 0 from 0)
